<?xml version="1.0" encoding="UTF-8"?>
<robot generator="Robot 3.1.2 (Python 3.7.0 on win32)" generated="20200914 00:24:02.084" rpa="false">
<suite id="s1" name="ProjectFacebook" source="C:\Development\robot-scripts\ProjectFacebook">
<suite id="s1-s1" name="Tests" source="C:\Development\robot-scripts\ProjectFacebook\Tests">
<suite id="s1-s1-s1" name="FacebookLogin" source="C:\Development\robot-scripts\ProjectFacebook\Tests\FacebookLogin.robot">
<test id="s1-s1-s1-t1" name="Verify error messages">
<kw name="Begin Test" library="Common" type="setup">
<arguments>
<arg>googlechrome</arg>
</arguments>
<kw name="Open Browser" library="SeleniumLibrary">
<doc>Opens a new browser instance to the given ``url``.</doc>
<arguments>
<arg>about:blank</arg>
<arg>${Browsers.${Browser}}</arg>
</arguments>
<msg timestamp="20200914 00:24:02.386" level="INFO">Opening browser 'Chrome' to base url 'about:blank'.</msg>
<status status="PASS" starttime="20200914 00:24:02.385" endtime="20200914 00:24:05.672"></status>
</kw>
<kw name="Maximize Browser Window" library="SeleniumLibrary">
<doc>Maximizes current browser window.</doc>
<status status="PASS" starttime="20200914 00:24:05.672" endtime="20200914 00:24:07.829"></status>
</kw>
<status status="PASS" starttime="20200914 00:24:02.384" endtime="20200914 00:24:07.830"></status>
</kw>
<kw name="Get csv data" library="datamanager">
<arguments>
<arg>${filepath}</arg>
</arguments>
<assign>
<var>${invalidloginscenarios}</var>
</assign>
<kw name="Read Csv File" library="login">
<arguments>
<arg>${filepath}</arg>
</arguments>
<assign>
<var>${data}</var>
</assign>
<msg timestamp="20200914 00:24:07.831" level="INFO">${data} = [['chandler@gmail.com', 'pass', 'The password you’ve entered is incorrect. Forgot Password?']]</msg>
<status status="PASS" starttime="20200914 00:24:07.831" endtime="20200914 00:24:07.831"></status>
</kw>
<msg timestamp="20200914 00:24:07.832" level="INFO">${invalidloginscenarios} = [['chandler@gmail.com', 'pass', 'The password you’ve entered is incorrect. Forgot Password?']]</msg>
<status status="PASS" starttime="20200914 00:24:07.830" endtime="20200914 00:24:07.832"></status>
</kw>
<kw name="Log" library="BuiltIn">
<doc>Logs the given message with the given level.</doc>
<arguments>
<arg>${invalidloginscenarios}</arg>
</arguments>
<msg timestamp="20200914 00:24:07.832" level="INFO">[['chandler@gmail.com', 'pass', 'The password you’ve entered is incorrect. Forgot Password?']]</msg>
<status status="PASS" starttime="20200914 00:24:07.832" endtime="20200914 00:24:07.832"></status>
</kw>
<kw name="Login with various credentials" library="FacebookKeywords">
<arguments>
<arg>${invalidloginscenarios}</arg>
</arguments>
<kw name="${loginscenario} IN [ @{invalidloginscenarios} ]" type="for">
<kw name="${loginscenario} = ['chandler@gmail.com', 'pass', 'The password you’ve entered is incorrect. Forgot Password?']" type="foritem">
<kw name="Go to Facebook Login Page" library="FacebookKeywords">
<kw name="Go To" library="SeleniumLibrary">
<doc>Navigates the active browser instance to the provided ``url``.</doc>
<arguments>
<arg>https://www.facebook.com</arg>
</arguments>
<msg timestamp="20200914 00:24:07.834" level="INFO">Opening url 'https://www.facebook.com'</msg>
<status status="PASS" starttime="20200914 00:24:07.834" endtime="20200914 00:24:09.149"></status>
</kw>
<status status="PASS" starttime="20200914 00:24:07.833" endtime="20200914 00:24:09.149"></status>
</kw>
<kw name="Verify Facebook Login Page" library="FacebookKeywords">
<kw name="Wait Until Page Contains" library="SeleniumLibrary">
<doc>Waits until ``text`` appears on current page.</doc>
<arguments>
<arg>Facebook</arg>
</arguments>
<status status="PASS" starttime="20200914 00:24:09.150" endtime="20200914 00:24:09.166"></status>
</kw>
<status status="PASS" starttime="20200914 00:24:09.149" endtime="20200914 00:24:09.167"></status>
</kw>
<kw name="Enter Username" library="FacebookKeywords">
<arguments>
<arg>${loginscenario}</arg>
</arguments>
<kw name="Element Should Be Focused" library="SeleniumLibrary">
<doc>Verifies that element identified with ``locator`` is focused.</doc>
<arguments>
<arg>${Username_Locator}</arg>
</arguments>
<status status="PASS" starttime="20200914 00:24:09.167" endtime="20200914 00:24:09.183"></status>
</kw>
<kw name="Input Text" library="SeleniumLibrary">
<doc>Types the given ``text`` into text field identified by ``locator``.</doc>
<arguments>
<arg>${Username_Locator}</arg>
<arg>${credentials[0]}</arg>
</arguments>
<msg timestamp="20200914 00:24:09.184" level="INFO">Typing text 'chandler@gmail.com' into text field 'css:#email'.</msg>
<status status="PASS" starttime="20200914 00:24:09.183" endtime="20200914 00:24:09.284"></status>
</kw>
<kw name="Log" library="BuiltIn">
<doc>Logs the given message with the given level.</doc>
<arguments>
<arg>${credentials[0]}</arg>
</arguments>
<msg timestamp="20200914 00:24:09.285" level="INFO">chandler@gmail.com</msg>
<status status="PASS" starttime="20200914 00:24:09.284" endtime="20200914 00:24:09.285"></status>
</kw>
<status status="PASS" starttime="20200914 00:24:09.167" endtime="20200914 00:24:09.285"></status>
</kw>
<kw name="Enter Password" library="FacebookKeywords">
<arguments>
<arg>${loginscenario}</arg>
</arguments>
<kw name="Input Text" library="SeleniumLibrary">
<doc>Types the given ``text`` into text field identified by ``locator``.</doc>
<arguments>
<arg>${Password_Locator}</arg>
<arg>${credentials[1]}</arg>
</arguments>
<msg timestamp="20200914 00:24:09.287" level="INFO">Typing text 'pass' into text field 'css:#pass'.</msg>
<status status="PASS" starttime="20200914 00:24:09.286" endtime="20200914 00:24:09.393"></status>
</kw>
<status status="PASS" starttime="20200914 00:24:09.285" endtime="20200914 00:24:09.394"></status>
</kw>
<kw name="Click Login Button" library="FacebookKeywords">
<kw name="Click Button" library="SeleniumLibrary">
<doc>Clicks button identified by ``locator``.</doc>
<arguments>
<arg>${Login_Button}</arg>
</arguments>
<msg timestamp="20200914 00:24:09.396" level="INFO">Clicking button 'css:button[class='_42ft _4jy0 _6lth _4jy6 _4jy1 selected _51sy']'.</msg>
<status status="PASS" starttime="20200914 00:24:09.395" endtime="20200914 00:24:09.488"></status>
</kw>
<status status="PASS" starttime="20200914 00:24:09.394" endtime="20200914 00:24:09.489"></status>
</kw>
<kw name="Set Selenium Implicit Wait" library="SeleniumLibrary">
<doc>Sets the implicit wait value used by Selenium.</doc>
<arguments>
<arg>5s</arg>
</arguments>
<status status="PASS" starttime="20200914 00:24:09.489" endtime="20200914 00:24:09.492"></status>
</kw>
<kw name="Verify loaded page" library="FacebookKeywords">
<kw name="Wait Until Page Contains" library="SeleniumLibrary">
<doc>Waits until ``text`` appears on current page.</doc>
<arguments>
<arg>Log Into Facebook</arg>
</arguments>
<kw name="Capture Page Screenshot" library="SeleniumLibrary">
<doc>Takes screenshot of the current page and embeds it into log file.</doc>
<msg timestamp="20200914 00:24:18.467" level="INFO" html="yes">&lt;/td&gt;&lt;/tr&gt;&lt;tr&gt;&lt;td colspan="3"&gt;&lt;a href="selenium-screenshot-49.png"&gt;&lt;img src="selenium-screenshot-49.png" width="800px"&gt;&lt;/a&gt;</msg>
<status status="PASS" starttime="20200914 00:24:18.193" endtime="20200914 00:24:18.467"></status>
</kw>
<msg timestamp="20200914 00:24:18.469" level="FAIL">Text 'Log Into Facebook' did not appear in 5 seconds.</msg>
<status status="FAIL" starttime="20200914 00:24:09.493" endtime="20200914 00:24:18.470"></status>
</kw>
<status status="FAIL" starttime="20200914 00:24:09.493" endtime="20200914 00:24:18.470"></status>
</kw>
<status status="FAIL" starttime="20200914 00:24:07.833" endtime="20200914 00:24:18.470"></status>
</kw>
<status status="FAIL" starttime="20200914 00:24:07.833" endtime="20200914 00:24:18.471"></status>
</kw>
<status status="FAIL" starttime="20200914 00:24:07.833" endtime="20200914 00:24:18.471"></status>
</kw>
<kw name="End Test" library="Common" type="teardown">
<kw name="Close Browser" library="SeleniumLibrary">
<doc>Closes the current browser.</doc>
<status status="PASS" starttime="20200914 00:24:18.472" endtime="20200914 00:24:20.621"></status>
</kw>
<status status="PASS" starttime="20200914 00:24:18.472" endtime="20200914 00:24:20.622"></status>
</kw>
<status status="FAIL" starttime="20200914 00:24:02.384" endtime="20200914 00:24:20.622" critical="yes">Text 'Log Into Facebook' did not appear in 5 seconds.</status>
</test>
<status status="FAIL" starttime="20200914 00:24:02.145" endtime="20200914 00:24:20.622"></status>
</suite>
<status status="FAIL" starttime="20200914 00:24:02.142" endtime="20200914 00:24:20.624"></status>
</suite>
<status status="FAIL" starttime="20200914 00:24:02.120" endtime="20200914 00:24:20.626"></status>
</suite>
<statistics>
<total>
<stat pass="0" fail="1">Critical Tests</stat>
<stat pass="0" fail="1">All Tests</stat>
</total>
<tag>
</tag>
<suite>
<stat pass="0" fail="1" id="s1" name="ProjectFacebook">ProjectFacebook</stat>
<stat pass="0" fail="1" id="s1-s1" name="Tests">ProjectFacebook.Tests</stat>
<stat pass="0" fail="1" id="s1-s1-s1" name="FacebookLogin">ProjectFacebook.Tests.FacebookLogin</stat>
</suite>
</statistics>
<errors>
<msg timestamp="20200914 00:24:02.078" level="WARN">Collapsing consecutive whitespace during parsing is deprecated. Fix ' *** Settings ***' in file 'C:\Development\robot-scripts\ProjectFacebook\Tests\FacebookLogin.robot' on line 1.</msg>
</errors>
</robot>
