<?xml version="1.0" encoding="UTF-8"?>
<robot generator="Robot 3.1.2 (Python 3.7.0 on win32)" generated="20200929 00:57:13.562" rpa="false">
<suite id="s1" name="ProjectAmazon" source="C:\Development\robot-scripts\ProjectAmazon">
<suite id="s1-s1" name="Tests" source="C:\Development\robot-scripts\ProjectAmazon\Tests">
<suite id="s1-s1-s1" name="Project Selenium" source="C:\Development\robot-scripts\ProjectAmazon\Tests\Project_Selenium.robot">
<test id="s1-s1-s1-t1" name="Verify if Amazon &quot;HomePage&quot; is loaded successfully">
<kw name="Launch_Test" library="Project_Common" type="setup">
<arguments>
<arg>googlechrome</arg>
</arguments>
<kw name="Open Browser" library="SeleniumLibrary">
<doc>Opens a new browser instance to the given ``url``.</doc>
<arguments>
<arg>about:blank</arg>
<arg>${Browsers.${BROWSER}}</arg>
</arguments>
<msg timestamp="20200929 00:57:15.834" level="INFO">Opening browser 'Chrome' to base url 'about:blank'.</msg>
<status status="PASS" starttime="20200929 00:57:15.832" endtime="20200929 00:57:21.793"></status>
</kw>
<kw name="Maximize Browser Window" library="SeleniumLibrary">
<doc>Maximizes current browser window.</doc>
<status status="PASS" starttime="20200929 00:57:21.793" endtime="20200929 00:57:24.880"></status>
</kw>
<status status="PASS" starttime="20200929 00:57:15.782" endtime="20200929 00:57:24.880"></status>
</kw>
<kw name="Homepage" library="Amazon_KeyWords">
<kw name="Go to Homepage" library="Amazon_Home_PO">
<kw name="Go To" library="SeleniumLibrary">
<doc>Navigates the active browser instance to the provided ``url``.</doc>
<arguments>
<arg>${URL}</arg>
</arguments>
<msg timestamp="20200929 00:57:24.884" level="INFO">Opening url 'https://www.amazon.com'</msg>
<status status="PASS" starttime="20200929 00:57:24.884" endtime="20200929 00:57:34.181"></status>
</kw>
<status status="PASS" starttime="20200929 00:57:24.883" endtime="20200929 00:57:34.182"></status>
</kw>
<kw name="Verify the landing page" library="Amazon_Home_PO">
<kw name="Wait Until Page Contains" library="SeleniumLibrary">
<doc>Waits until ``text`` appears on current page.</doc>
<arguments>
<arg>Amazon</arg>
</arguments>
<status status="PASS" starttime="20200929 00:57:34.187" endtime="20200929 00:57:35.357"></status>
</kw>
<status status="PASS" starttime="20200929 00:57:34.184" endtime="20200929 00:57:35.360"></status>
</kw>
<status status="PASS" starttime="20200929 00:57:24.881" endtime="20200929 00:57:35.361"></status>
</kw>
<kw name="End_Test" library="Project_Common" type="teardown">
<kw name="Close Browser" library="SeleniumLibrary">
<doc>Closes the current browser.</doc>
<status status="PASS" starttime="20200929 00:57:35.370" endtime="20200929 00:57:37.771"></status>
</kw>
<status status="PASS" starttime="20200929 00:57:35.366" endtime="20200929 00:57:37.773"></status>
</kw>
<status status="PASS" starttime="20200929 00:57:15.781" endtime="20200929 00:57:37.774" critical="yes"></status>
</test>
<test id="s1-s1-s1-t2" name="Verify if Amazon &quot;Product_Search&quot; is successful and results page is loaded">
<kw name="Launch_Test" library="Project_Common" type="setup">
<arguments>
<arg>googlechrome</arg>
</arguments>
<kw name="Open Browser" library="SeleniumLibrary">
<doc>Opens a new browser instance to the given ``url``.</doc>
<arguments>
<arg>about:blank</arg>
<arg>${Browsers.${BROWSER}}</arg>
</arguments>
<msg timestamp="20200929 00:57:37.792" level="INFO">Opening browser 'Chrome' to base url 'about:blank'.</msg>
<status status="PASS" starttime="20200929 00:57:37.789" endtime="20200929 00:57:43.173"></status>
</kw>
<kw name="Maximize Browser Window" library="SeleniumLibrary">
<doc>Maximizes current browser window.</doc>
<status status="PASS" starttime="20200929 00:57:43.173" endtime="20200929 00:57:45.357"></status>
</kw>
<status status="PASS" starttime="20200929 00:57:37.785" endtime="20200929 00:57:45.358"></status>
</kw>
<kw name="Homepage" library="Amazon_KeyWords">
<kw name="Go to Homepage" library="Amazon_Home_PO">
<kw name="Go To" library="SeleniumLibrary">
<doc>Navigates the active browser instance to the provided ``url``.</doc>
<arguments>
<arg>${URL}</arg>
</arguments>
<msg timestamp="20200929 00:57:45.362" level="INFO">Opening url 'https://www.amazon.com'</msg>
<status status="PASS" starttime="20200929 00:57:45.361" endtime="20200929 00:57:52.570"></status>
</kw>
<status status="PASS" starttime="20200929 00:57:45.360" endtime="20200929 00:57:52.571"></status>
</kw>
<kw name="Verify the landing page" library="Amazon_Home_PO">
<kw name="Wait Until Page Contains" library="SeleniumLibrary">
<doc>Waits until ``text`` appears on current page.</doc>
<arguments>
<arg>Amazon</arg>
</arguments>
<status status="PASS" starttime="20200929 00:57:52.576" endtime="20200929 00:57:52.715"></status>
</kw>
<status status="PASS" starttime="20200929 00:57:52.573" endtime="20200929 00:57:52.715"></status>
</kw>
<status status="PASS" starttime="20200929 00:57:45.359" endtime="20200929 00:57:52.716"></status>
</kw>
<kw name="Search for Product" library="Amazon_KeyWords">
<kw name="Enter Search Term" library="Amazon_Home_PO">
<arguments>
<arg>${AMAZON_PRODUCTS}</arg>
</arguments>
<kw name="Input Text" library="SeleniumLibrary">
<doc>Types the given ``text`` into text field identified by ``locator``.</doc>
<arguments>
<arg>${TEXT_BOX}</arg>
<arg>${AMAZON_PRODUCTS}</arg>
</arguments>
<msg timestamp="20200929 00:57:52.717" level="INFO">Typing text 'mustang' into text field 'id=twotabsearchtextbox'.</msg>
<status status="PASS" starttime="20200929 00:57:52.717" endtime="20200929 00:57:53.595"></status>
</kw>
<status status="PASS" starttime="20200929 00:57:52.716" endtime="20200929 00:57:53.595"></status>
</kw>
<kw name="Click Search Button" library="Amazon_Home_PO">
<kw name="Click Button" library="SeleniumLibrary">
<doc>Clicks button identified by ``locator``.</doc>
<arguments>
<arg>${SEARCH_BUTTON}</arg>
</arguments>
<msg timestamp="20200929 00:57:53.599" level="INFO">Clicking button 'css=input[value='Go']'.</msg>
<status status="PASS" starttime="20200929 00:57:53.597" endtime="20200929 00:57:57.409"></status>
</kw>
<status status="PASS" starttime="20200929 00:57:53.596" endtime="20200929 00:57:57.410"></status>
</kw>
<kw name="Verify the results page" library="Amazon_ProdSchRes_PO">
<arguments>
<arg>${AMAZON_PRODUCTS}</arg>
</arguments>
<kw name="Wait Until Page Contains" library="SeleniumLibrary">
<doc>Waits until ``text`` appears on current page.</doc>
<arguments>
<arg>results for "${AMAZON_PRODUCTS}"</arg>
</arguments>
<status status="PASS" starttime="20200929 00:57:57.411" endtime="20200929 00:57:57.525"></status>
</kw>
<status status="PASS" starttime="20200929 00:57:57.410" endtime="20200929 00:57:57.526"></status>
</kw>
<status status="PASS" starttime="20200929 00:57:52.716" endtime="20200929 00:57:57.526"></status>
</kw>
<kw name="End_Test" library="Project_Common" type="teardown">
<kw name="Close Browser" library="SeleniumLibrary">
<doc>Closes the current browser.</doc>
<status status="PASS" starttime="20200929 00:57:57.528" endtime="20200929 00:57:59.811"></status>
</kw>
<status status="PASS" starttime="20200929 00:57:57.527" endtime="20200929 00:57:59.812"></status>
</kw>
<status status="PASS" starttime="20200929 00:57:37.778" endtime="20200929 00:57:59.813" critical="yes"></status>
</test>
<test id="s1-s1-s1-t3" name="Verify if user is able to select the product by clicking on &quot;ProductName&quot;">
<kw name="Launch_Test" library="Project_Common" type="setup">
<arguments>
<arg>googlechrome</arg>
</arguments>
<kw name="Open Browser" library="SeleniumLibrary">
<doc>Opens a new browser instance to the given ``url``.</doc>
<arguments>
<arg>about:blank</arg>
<arg>${Browsers.${BROWSER}}</arg>
</arguments>
<msg timestamp="20200929 00:57:59.824" level="INFO">Opening browser 'Chrome' to base url 'about:blank'.</msg>
<status status="PASS" starttime="20200929 00:57:59.822" endtime="20200929 00:58:03.922"></status>
</kw>
<kw name="Maximize Browser Window" library="SeleniumLibrary">
<doc>Maximizes current browser window.</doc>
<status status="PASS" starttime="20200929 00:58:03.923" endtime="20200929 00:58:06.085"></status>
</kw>
<status status="PASS" starttime="20200929 00:57:59.819" endtime="20200929 00:58:06.086"></status>
</kw>
<kw name="Homepage" library="Amazon_KeyWords">
<kw name="Go to Homepage" library="Amazon_Home_PO">
<kw name="Go To" library="SeleniumLibrary">
<doc>Navigates the active browser instance to the provided ``url``.</doc>
<arguments>
<arg>${URL}</arg>
</arguments>
<msg timestamp="20200929 00:58:06.092" level="INFO">Opening url 'https://www.amazon.com'</msg>
<status status="PASS" starttime="20200929 00:58:06.091" endtime="20200929 00:58:13.540"></status>
</kw>
<status status="PASS" starttime="20200929 00:58:06.090" endtime="20200929 00:58:13.541"></status>
</kw>
<kw name="Verify the landing page" library="Amazon_Home_PO">
<kw name="Wait Until Page Contains" library="SeleniumLibrary">
<doc>Waits until ``text`` appears on current page.</doc>
<arguments>
<arg>Amazon</arg>
</arguments>
<status status="PASS" starttime="20200929 00:58:13.543" endtime="20200929 00:58:13.588"></status>
</kw>
<status status="PASS" starttime="20200929 00:58:13.542" endtime="20200929 00:58:13.588"></status>
</kw>
<status status="PASS" starttime="20200929 00:58:06.088" endtime="20200929 00:58:13.589"></status>
</kw>
<kw name="Search for Product" library="Amazon_KeyWords">
<kw name="Enter Search Term" library="Amazon_Home_PO">
<arguments>
<arg>${AMAZON_PRODUCTS}</arg>
</arguments>
<kw name="Input Text" library="SeleniumLibrary">
<doc>Types the given ``text`` into text field identified by ``locator``.</doc>
<arguments>
<arg>${TEXT_BOX}</arg>
<arg>${AMAZON_PRODUCTS}</arg>
</arguments>
<msg timestamp="20200929 00:58:13.592" level="INFO">Typing text 'mustang' into text field 'id=twotabsearchtextbox'.</msg>
<status status="PASS" starttime="20200929 00:58:13.591" endtime="20200929 00:58:13.753"></status>
</kw>
<status status="PASS" starttime="20200929 00:58:13.590" endtime="20200929 00:58:13.753"></status>
</kw>
<kw name="Click Search Button" library="Amazon_Home_PO">
<kw name="Click Button" library="SeleniumLibrary">
<doc>Clicks button identified by ``locator``.</doc>
<arguments>
<arg>${SEARCH_BUTTON}</arg>
</arguments>
<msg timestamp="20200929 00:58:13.754" level="INFO">Clicking button 'css=input[value='Go']'.</msg>
<status status="PASS" starttime="20200929 00:58:13.754" endtime="20200929 00:58:20.885"></status>
</kw>
<status status="PASS" starttime="20200929 00:58:13.754" endtime="20200929 00:58:20.885"></status>
</kw>
<kw name="Verify the results page" library="Amazon_ProdSchRes_PO">
<arguments>
<arg>${AMAZON_PRODUCTS}</arg>
</arguments>
<kw name="Wait Until Page Contains" library="SeleniumLibrary">
<doc>Waits until ``text`` appears on current page.</doc>
<arguments>
<arg>results for "${AMAZON_PRODUCTS}"</arg>
</arguments>
<status status="PASS" starttime="20200929 00:58:20.887" endtime="20200929 00:58:20.933"></status>
</kw>
<status status="PASS" starttime="20200929 00:58:20.886" endtime="20200929 00:58:20.934"></status>
</kw>
<status status="PASS" starttime="20200929 00:58:13.589" endtime="20200929 00:58:20.934"></status>
</kw>
<kw name="Click ProductName" library="Amazon_KeyWords">
<kw name="&quot;Product_Name&quot;" library="Amazon_ProdSchRes_PO">
<kw name="Click Link" library="SeleniumLibrary">
<doc>Clicks a link identified by ``locator``.</doc>
<arguments>
<arg>${PROD_NAME_LOCATOR}</arg>
</arguments>
<msg timestamp="20200929 00:58:20.936" level="INFO">Clicking link 'xpath=//div[@class='a-section a-spacing-none a-spacing-top-small']/h2/a'.</msg>
<status status="PASS" starttime="20200929 00:58:20.936" endtime="20200929 00:58:23.288"></status>
</kw>
<status status="PASS" starttime="20200929 00:58:20.935" endtime="20200929 00:58:23.289"></status>
</kw>
<kw name="Verify Product Description Page" library="Amazon_ProdDesc_PO">
<kw name="Wait Until Page Contains" library="SeleniumLibrary">
<doc>Waits until ``text`` appears on current page.</doc>
<arguments>
<arg>${AMAZON_PRODUCTS}</arg>
</arguments>
<status status="PASS" starttime="20200929 00:58:23.292" endtime="20200929 00:58:23.372"></status>
</kw>
<status status="PASS" starttime="20200929 00:58:23.290" endtime="20200929 00:58:23.372"></status>
</kw>
<status status="PASS" starttime="20200929 00:58:20.934" endtime="20200929 00:58:23.372"></status>
</kw>
<kw name="End_Test" library="Project_Common" type="teardown">
<kw name="Close Browser" library="SeleniumLibrary">
<doc>Closes the current browser.</doc>
<status status="PASS" starttime="20200929 00:58:23.373" endtime="20200929 00:58:26.300"></status>
</kw>
<status status="PASS" starttime="20200929 00:58:23.372" endtime="20200929 00:58:26.302"></status>
</kw>
<status status="PASS" starttime="20200929 00:57:59.816" endtime="20200929 00:58:26.303" critical="yes"></status>
</test>
<test id="s1-s1-s1-t4" name="Verify if user is able to select the product by clicking on &quot;ProductImage&quot;">
<kw name="Launch_Test" library="Project_Common" type="setup">
<arguments>
<arg>googlechrome</arg>
</arguments>
<kw name="Open Browser" library="SeleniumLibrary">
<doc>Opens a new browser instance to the given ``url``.</doc>
<arguments>
<arg>about:blank</arg>
<arg>${Browsers.${BROWSER}}</arg>
</arguments>
<msg timestamp="20200929 00:58:26.314" level="INFO">Opening browser 'Chrome' to base url 'about:blank'.</msg>
<status status="PASS" starttime="20200929 00:58:26.312" endtime="20200929 00:58:31.161"></status>
</kw>
<kw name="Maximize Browser Window" library="SeleniumLibrary">
<doc>Maximizes current browser window.</doc>
<status status="PASS" starttime="20200929 00:58:31.161" endtime="20200929 00:58:33.301"></status>
</kw>
<status status="PASS" starttime="20200929 00:58:26.309" endtime="20200929 00:58:33.302"></status>
</kw>
<kw name="Homepage" library="Amazon_KeyWords">
<kw name="Go to Homepage" library="Amazon_Home_PO">
<kw name="Go To" library="SeleniumLibrary">
<doc>Navigates the active browser instance to the provided ``url``.</doc>
<arguments>
<arg>${URL}</arg>
</arguments>
<msg timestamp="20200929 00:58:33.307" level="INFO">Opening url 'https://www.amazon.com'</msg>
<status status="PASS" starttime="20200929 00:58:33.307" endtime="20200929 00:58:39.758"></status>
</kw>
<status status="PASS" starttime="20200929 00:58:33.305" endtime="20200929 00:58:39.758"></status>
</kw>
<kw name="Verify the landing page" library="Amazon_Home_PO">
<kw name="Wait Until Page Contains" library="SeleniumLibrary">
<doc>Waits until ``text`` appears on current page.</doc>
<arguments>
<arg>Amazon</arg>
</arguments>
<status status="PASS" starttime="20200929 00:58:39.762" endtime="20200929 00:58:39.842"></status>
</kw>
<status status="PASS" starttime="20200929 00:58:39.762" endtime="20200929 00:58:39.842"></status>
</kw>
<status status="PASS" starttime="20200929 00:58:33.304" endtime="20200929 00:58:39.846"></status>
</kw>
<kw name="Search for Product" library="Amazon_KeyWords">
<kw name="Enter Search Term" library="Amazon_Home_PO">
<arguments>
<arg>${AMAZON_PRODUCTS}</arg>
</arguments>
<kw name="Input Text" library="SeleniumLibrary">
<doc>Types the given ``text`` into text field identified by ``locator``.</doc>
<arguments>
<arg>${TEXT_BOX}</arg>
<arg>${AMAZON_PRODUCTS}</arg>
</arguments>
<msg timestamp="20200929 00:58:39.846" level="INFO">Typing text 'mustang' into text field 'id=twotabsearchtextbox'.</msg>
<status status="PASS" starttime="20200929 00:58:39.846" endtime="20200929 00:58:39.978"></status>
</kw>
<status status="PASS" starttime="20200929 00:58:39.846" endtime="20200929 00:58:39.978"></status>
</kw>
<kw name="Click Search Button" library="Amazon_Home_PO">
<kw name="Click Button" library="SeleniumLibrary">
<doc>Clicks button identified by ``locator``.</doc>
<arguments>
<arg>${SEARCH_BUTTON}</arg>
</arguments>
<msg timestamp="20200929 00:58:39.982" level="INFO">Clicking button 'css=input[value='Go']'.</msg>
<status status="PASS" starttime="20200929 00:58:39.982" endtime="20200929 00:58:43.951"></status>
</kw>
<status status="PASS" starttime="20200929 00:58:39.978" endtime="20200929 00:58:43.951"></status>
</kw>
<kw name="Verify the results page" library="Amazon_ProdSchRes_PO">
<arguments>
<arg>${AMAZON_PRODUCTS}</arg>
</arguments>
<kw name="Wait Until Page Contains" library="SeleniumLibrary">
<doc>Waits until ``text`` appears on current page.</doc>
<arguments>
<arg>results for "${AMAZON_PRODUCTS}"</arg>
</arguments>
<status status="PASS" starttime="20200929 00:58:43.951" endtime="20200929 00:58:44.091"></status>
</kw>
<status status="PASS" starttime="20200929 00:58:43.951" endtime="20200929 00:58:44.091"></status>
</kw>
<status status="PASS" starttime="20200929 00:58:39.846" endtime="20200929 00:58:44.095"></status>
</kw>
<kw name="Click ProductImage" library="Amazon_KeyWords">
<kw name="&quot;Product_Image&quot;" library="Amazon_ProdSchRes_PO">
<kw name="Get WebElement" library="SeleniumLibrary">
<doc>Returns the first WebElement matching the given ``locator``.</doc>
<arguments>
<arg>${PROD_IMAGE_LOCATOR}</arg>
</arguments>
<assign>
<var>${prodimage_locator}</var>
</assign>
<msg timestamp="20200929 00:58:44.135" level="INFO">${prodimage_locator} = &lt;selenium.webdriver.remote.webelement.WebElement (session="e59c52c5f439017b32863800df74ad13", element="ee066909-2b3a-41e6-96de-f8335bafa325")&gt;</msg>
<status status="PASS" starttime="20200929 00:58:44.095" endtime="20200929 00:58:44.135"></status>
</kw>
<kw name="Wait Until Element Is Visible" library="SeleniumLibrary">
<doc>Waits until element ``locator`` is visible.</doc>
<arguments>
<arg>${PROD_IMAGE_LOCATOR}</arg>
</arguments>
<status status="PASS" starttime="20200929 00:58:44.135" endtime="20200929 00:58:44.155"></status>
</kw>
<kw name="Click Element" library="SeleniumLibrary">
<doc>Click element identified by ``locator``.</doc>
<arguments>
<arg>${prodimage_locator}</arg>
</arguments>
<msg timestamp="20200929 00:58:44.155" level="INFO">Clicking element '&lt;selenium.webdriver.remote.webelement.WebElement (session="e59c52c5f439017b32863800df74ad13", element="ee066909-2b3a-41e6-96de-f8335bafa325")&gt;'.</msg>
<status status="PASS" starttime="20200929 00:58:44.155" endtime="20200929 00:58:47.105"></status>
</kw>
<status status="PASS" starttime="20200929 00:58:44.095" endtime="20200929 00:58:47.105"></status>
</kw>
<kw name="Verify Product Description Page" library="Amazon_ProdDesc_PO">
<kw name="Wait Until Page Contains" library="SeleniumLibrary">
<doc>Waits until ``text`` appears on current page.</doc>
<arguments>
<arg>${AMAZON_PRODUCTS}</arg>
</arguments>
<status status="PASS" starttime="20200929 00:58:47.109" endtime="20200929 00:58:47.173"></status>
</kw>
<status status="PASS" starttime="20200929 00:58:47.109" endtime="20200929 00:58:47.173"></status>
</kw>
<status status="PASS" starttime="20200929 00:58:44.095" endtime="20200929 00:58:47.177"></status>
</kw>
<kw name="End_Test" library="Project_Common" type="teardown">
<kw name="Close Browser" library="SeleniumLibrary">
<doc>Closes the current browser.</doc>
<status status="PASS" starttime="20200929 00:58:47.178" endtime="20200929 00:58:49.419"></status>
</kw>
<status status="PASS" starttime="20200929 00:58:47.178" endtime="20200929 00:58:49.419"></status>
</kw>
<status status="PASS" starttime="20200929 00:58:26.306" endtime="20200929 00:58:49.419" critical="yes"></status>
</test>
<test id="s1-s1-s1-t5" name="Verify if user is able to add the product to &quot;Add product to Shopping Cart&quot; after making the selection by clicking on &quot;Product_Name&quot;">
<kw name="Launch_Test" library="Project_Common" type="setup">
<arguments>
<arg>googlechrome</arg>
</arguments>
<kw name="Open Browser" library="SeleniumLibrary">
<doc>Opens a new browser instance to the given ``url``.</doc>
<arguments>
<arg>about:blank</arg>
<arg>${Browsers.${BROWSER}}</arg>
</arguments>
<msg timestamp="20200929 00:58:49.435" level="INFO">Opening browser 'Chrome' to base url 'about:blank'.</msg>
<status status="PASS" starttime="20200929 00:58:49.435" endtime="20200929 00:58:53.967"></status>
</kw>
<kw name="Maximize Browser Window" library="SeleniumLibrary">
<doc>Maximizes current browser window.</doc>
<status status="PASS" starttime="20200929 00:58:53.967" endtime="20200929 00:58:56.144"></status>
</kw>
<status status="PASS" starttime="20200929 00:58:49.435" endtime="20200929 00:58:56.144"></status>
</kw>
<kw name="Homepage" library="Amazon_KeyWords">
<kw name="Go to Homepage" library="Amazon_Home_PO">
<kw name="Go To" library="SeleniumLibrary">
<doc>Navigates the active browser instance to the provided ``url``.</doc>
<arguments>
<arg>${URL}</arg>
</arguments>
<msg timestamp="20200929 00:58:56.152" level="INFO">Opening url 'https://www.amazon.com'</msg>
<status status="PASS" starttime="20200929 00:58:56.152" endtime="20200929 00:59:00.836"></status>
</kw>
<status status="PASS" starttime="20200929 00:58:56.144" endtime="20200929 00:59:00.836"></status>
</kw>
<kw name="Verify the landing page" library="Amazon_Home_PO">
<kw name="Wait Until Page Contains" library="SeleniumLibrary">
<doc>Waits until ``text`` appears on current page.</doc>
<arguments>
<arg>Amazon</arg>
</arguments>
<status status="PASS" starttime="20200929 00:59:00.844" endtime="20200929 00:59:00.924"></status>
</kw>
<status status="PASS" starttime="20200929 00:59:00.840" endtime="20200929 00:59:00.924"></status>
</kw>
<status status="PASS" starttime="20200929 00:58:56.144" endtime="20200929 00:59:00.924"></status>
</kw>
<kw name="Search for Product" library="Amazon_KeyWords">
<kw name="Enter Search Term" library="Amazon_Home_PO">
<arguments>
<arg>${AMAZON_PRODUCTS}</arg>
</arguments>
<kw name="Input Text" library="SeleniumLibrary">
<doc>Types the given ``text`` into text field identified by ``locator``.</doc>
<arguments>
<arg>${TEXT_BOX}</arg>
<arg>${AMAZON_PRODUCTS}</arg>
</arguments>
<msg timestamp="20200929 00:59:00.928" level="INFO">Typing text 'mustang' into text field 'id=twotabsearchtextbox'.</msg>
<status status="PASS" starttime="20200929 00:59:00.924" endtime="20200929 00:59:01.195"></status>
</kw>
<status status="PASS" starttime="20200929 00:59:00.924" endtime="20200929 00:59:01.195"></status>
</kw>
<kw name="Click Search Button" library="Amazon_Home_PO">
<kw name="Click Button" library="SeleniumLibrary">
<doc>Clicks button identified by ``locator``.</doc>
<arguments>
<arg>${SEARCH_BUTTON}</arg>
</arguments>
<msg timestamp="20200929 00:59:01.195" level="INFO">Clicking button 'css=input[value='Go']'.</msg>
<status status="PASS" starttime="20200929 00:59:01.195" endtime="20200929 00:59:05.451"></status>
</kw>
<status status="PASS" starttime="20200929 00:59:01.195" endtime="20200929 00:59:05.451"></status>
</kw>
<kw name="Verify the results page" library="Amazon_ProdSchRes_PO">
<arguments>
<arg>${AMAZON_PRODUCTS}</arg>
</arguments>
<kw name="Wait Until Page Contains" library="SeleniumLibrary">
<doc>Waits until ``text`` appears on current page.</doc>
<arguments>
<arg>results for "${AMAZON_PRODUCTS}"</arg>
</arguments>
<status status="PASS" starttime="20200929 00:59:05.455" endtime="20200929 00:59:05.511"></status>
</kw>
<status status="PASS" starttime="20200929 00:59:05.451" endtime="20200929 00:59:05.511"></status>
</kw>
<status status="PASS" starttime="20200929 00:59:00.924" endtime="20200929 00:59:05.511"></status>
</kw>
<kw name="Click ProductName" library="Amazon_KeyWords">
<kw name="&quot;Product_Name&quot;" library="Amazon_ProdSchRes_PO">
<kw name="Click Link" library="SeleniumLibrary">
<doc>Clicks a link identified by ``locator``.</doc>
<arguments>
<arg>${PROD_NAME_LOCATOR}</arg>
</arguments>
<msg timestamp="20200929 00:59:05.515" level="INFO">Clicking link 'xpath=//div[@class='a-section a-spacing-none a-spacing-top-small']/h2/a'.</msg>
<status status="PASS" starttime="20200929 00:59:05.511" endtime="20200929 00:59:10.998"></status>
</kw>
<status status="PASS" starttime="20200929 00:59:05.511" endtime="20200929 00:59:10.998"></status>
</kw>
<kw name="Verify Product Description Page" library="Amazon_ProdDesc_PO">
<kw name="Wait Until Page Contains" library="SeleniumLibrary">
<doc>Waits until ``text`` appears on current page.</doc>
<arguments>
<arg>${AMAZON_PRODUCTS}</arg>
</arguments>
<status status="PASS" starttime="20200929 00:59:11.002" endtime="20200929 00:59:11.434"></status>
</kw>
<status status="PASS" starttime="20200929 00:59:10.998" endtime="20200929 00:59:11.434"></status>
</kw>
<status status="PASS" starttime="20200929 00:59:05.511" endtime="20200929 00:59:11.434"></status>
</kw>
<kw name="Add product to Shopping Cart" library="Amazon_KeyWords">
<kw name="Add or Checkout Product" library="Amazon_ProdDesc_PO">
<kw name="Run Keyword And Return Status" library="BuiltIn">
<doc>Runs the given keyword with given arguments and returns the status as a Boolean value.</doc>
<arguments>
<arg>Wait Until Page Contains Element</arg>
<arg>${BUYVID_LOCATOR}</arg>
</arguments>
<assign>
<var>${vidloc_sta}</var>
</assign>
<kw name="Wait Until Page Contains Element" library="SeleniumLibrary">
<doc>Waits until element ``locator`` appears on current page.</doc>
<arguments>
<arg>${BUYVID_LOCATOR}</arg>
</arguments>
<kw name="Capture Page Screenshot" library="SeleniumLibrary">
<doc>Takes screenshot of the current page and embeds it into log file.</doc>
<msg timestamp="20200929 00:59:17.441" level="INFO" html="yes">&lt;/td&gt;&lt;/tr&gt;&lt;tr&gt;&lt;td colspan="3"&gt;&lt;a href="selenium-screenshot-1000.png"&gt;&lt;img src="selenium-screenshot-1000.png" width="800px"&gt;&lt;/a&gt;</msg>
<status status="PASS" starttime="20200929 00:59:16.655" endtime="20200929 00:59:17.445"></status>
</kw>
<msg timestamp="20200929 00:59:17.499" level="FAIL">Element 'css=#tvod-btn-B07PF1FG98-ab &gt; span &gt; button' did not appear in 5 seconds.</msg>
<status status="FAIL" starttime="20200929 00:59:11.438" endtime="20200929 00:59:17.499"></status>
</kw>
<msg timestamp="20200929 00:59:17.499" level="INFO">${vidloc_sta} = False</msg>
<status status="PASS" starttime="20200929 00:59:11.434" endtime="20200929 00:59:17.499"></status>
</kw>
<kw name="Run Keyword If" library="BuiltIn">
<doc>Runs the given keyword with the given arguments, if ``condition`` is true.</doc>
<arguments>
<arg>${vidloc_sta}==True</arg>
<arg>Checkout "Video"</arg>
<arg>ELSE IF</arg>
<arg>${vidloc_sta}==False</arg>
<arg>Click "Add to Cart" button</arg>
</arguments>
<kw name="Click &quot;Add to Cart&quot; button" library="Amazon_ProdDesc_PO">
<kw name="Run Keyword And Return Status" library="BuiltIn">
<doc>Runs the given keyword with given arguments and returns the status as a Boolean value.</doc>
<arguments>
<arg>Wait Until Page Contains Element</arg>
<arg>${BUYING_OPTIONS_BUTTON}</arg>
</arguments>
<assign>
<var>${result}</var>
</assign>
<kw name="Wait Until Page Contains Element" library="SeleniumLibrary">
<doc>Waits until element ``locator`` appears on current page.</doc>
<arguments>
<arg>${BUYING_OPTIONS_BUTTON}</arg>
</arguments>
<kw name="Capture Page Screenshot" library="SeleniumLibrary">
<doc>Takes screenshot of the current page and embeds it into log file.</doc>
<msg timestamp="20200929 00:59:22.975" level="INFO" html="yes">&lt;/td&gt;&lt;/tr&gt;&lt;tr&gt;&lt;td colspan="3"&gt;&lt;a href="selenium-screenshot-1001.png"&gt;&lt;img src="selenium-screenshot-1001.png" width="800px"&gt;&lt;/a&gt;</msg>
<status status="PASS" starttime="20200929 00:59:22.585" endtime="20200929 00:59:22.975"></status>
</kw>
<msg timestamp="20200929 00:59:22.975" level="FAIL">Element 'id=buybox-see-all-buying-choices-announce' did not appear in 5 seconds.</msg>
<status status="FAIL" starttime="20200929 00:59:17.499" endtime="20200929 00:59:22.975"></status>
</kw>
<msg timestamp="20200929 00:59:22.975" level="INFO">${result} = False</msg>
<status status="PASS" starttime="20200929 00:59:17.499" endtime="20200929 00:59:22.975"></status>
</kw>
<kw name="Log" library="BuiltIn">
<doc>Logs the given message with the given level.</doc>
<arguments>
<arg>${result}</arg>
</arguments>
<msg timestamp="20200929 00:59:22.975" level="INFO">False</msg>
<status status="PASS" starttime="20200929 00:59:22.975" endtime="20200929 00:59:22.983"></status>
</kw>
<kw name="Run Keyword If" library="BuiltIn">
<doc>Runs the given keyword with the given arguments, if ``condition`` is true.</doc>
<arguments>
<arg>${result}==True</arg>
<arg>AddCart_BuyingOpt</arg>
<arg>ELSE IF</arg>
<arg>${result}==False</arg>
<arg>AddtoCart</arg>
</arguments>
<kw name="AddtoCart" library="Amazon_ProdDesc_PO">
<kw name="Get WebElement" library="SeleniumLibrary">
<doc>Returns the first WebElement matching the given ``locator``.</doc>
<arguments>
<arg>${ADDTOCART_RESPG}</arg>
</arguments>
<assign>
<var>${addtocart_respg}</var>
</assign>
<msg timestamp="20200929 00:59:23.015" level="INFO">${addtocart_respg} = &lt;selenium.webdriver.remote.webelement.WebElement (session="d1f997f96551800a834dc37719719373", element="3318721b-784e-49a2-bb60-9a950cc90f99")&gt;</msg>
<status status="PASS" starttime="20200929 00:59:22.983" endtime="20200929 00:59:23.015"></status>
</kw>
<kw name="Click Link" library="SeleniumLibrary">
<doc>Clicks a link identified by ``locator``.</doc>
<arguments>
<arg>${addtocart_respg}</arg>
</arguments>
<msg timestamp="20200929 00:59:23.015" level="INFO">Clicking link '&lt;selenium.webdriver.remote.webelement.WebElement (session="d1f997f96551800a834dc37719719373", element="3318721b-784e-49a2-bb60-9a950cc90f99")&gt;'.</msg>
<status status="PASS" starttime="20200929 00:59:23.015" endtime="20200929 00:59:25.629"></status>
</kw>
<kw name="Wait Until Page Contains" library="SeleniumLibrary">
<doc>Waits until ``text`` appears on current page.</doc>
<arguments>
<arg>Added to Cart</arg>
</arguments>
<status status="PASS" starttime="20200929 00:59:25.629" endtime="20200929 00:59:25.649"></status>
</kw>
<status status="PASS" starttime="20200929 00:59:22.983" endtime="20200929 00:59:25.649"></status>
</kw>
<status status="PASS" starttime="20200929 00:59:22.983" endtime="20200929 00:59:25.649"></status>
</kw>
<status status="PASS" starttime="20200929 00:59:17.499" endtime="20200929 00:59:25.649"></status>
</kw>
<status status="PASS" starttime="20200929 00:59:17.499" endtime="20200929 00:59:25.649"></status>
</kw>
<status status="PASS" starttime="20200929 00:59:11.434" endtime="20200929 00:59:25.649"></status>
</kw>
<status status="PASS" starttime="20200929 00:59:11.434" endtime="20200929 00:59:25.649"></status>
</kw>
<kw name="End_Test" library="Project_Common" type="teardown">
<kw name="Close Browser" library="SeleniumLibrary">
<doc>Closes the current browser.</doc>
<status status="PASS" starttime="20200929 00:59:25.653" endtime="20200929 00:59:28.059"></status>
</kw>
<status status="PASS" starttime="20200929 00:59:25.653" endtime="20200929 00:59:28.059"></status>
</kw>
<status status="PASS" starttime="20200929 00:58:49.426" endtime="20200929 00:59:28.059" critical="yes"></status>
</test>
<test id="s1-s1-s1-t6" name="Verify if user is able to &quot;Add product to Shopping Cart&quot; after making the selection by clicking on &quot;Product_Image&quot;">
<kw name="Launch_Test" library="Project_Common" type="setup">
<arguments>
<arg>googlechrome</arg>
</arguments>
<kw name="Open Browser" library="SeleniumLibrary">
<doc>Opens a new browser instance to the given ``url``.</doc>
<arguments>
<arg>about:blank</arg>
<arg>${Browsers.${BROWSER}}</arg>
</arguments>
<msg timestamp="20200929 00:59:28.063" level="INFO">Opening browser 'Chrome' to base url 'about:blank'.</msg>
<status status="PASS" starttime="20200929 00:59:28.063" endtime="20200929 00:59:31.710"></status>
</kw>
<kw name="Maximize Browser Window" library="SeleniumLibrary">
<doc>Maximizes current browser window.</doc>
<status status="PASS" starttime="20200929 00:59:31.710" endtime="20200929 00:59:33.900"></status>
</kw>
<status status="PASS" starttime="20200929 00:59:28.062" endtime="20200929 00:59:33.900"></status>
</kw>
<kw name="Homepage" library="Amazon_KeyWords">
<kw name="Go to Homepage" library="Amazon_Home_PO">
<kw name="Go To" library="SeleniumLibrary">
<doc>Navigates the active browser instance to the provided ``url``.</doc>
<arguments>
<arg>${URL}</arg>
</arguments>
<msg timestamp="20200929 00:59:33.916" level="INFO">Opening url 'https://www.amazon.com'</msg>
<status status="PASS" starttime="20200929 00:59:33.908" endtime="20200929 00:59:39.732"></status>
</kw>
<status status="PASS" starttime="20200929 00:59:33.908" endtime="20200929 00:59:39.732"></status>
</kw>
<kw name="Verify the landing page" library="Amazon_Home_PO">
<kw name="Wait Until Page Contains" library="SeleniumLibrary">
<doc>Waits until ``text`` appears on current page.</doc>
<arguments>
<arg>Amazon</arg>
</arguments>
<status status="PASS" starttime="20200929 00:59:39.732" endtime="20200929 00:59:39.797"></status>
</kw>
<status status="PASS" starttime="20200929 00:59:39.732" endtime="20200929 00:59:39.797"></status>
</kw>
<status status="PASS" starttime="20200929 00:59:33.908" endtime="20200929 00:59:39.801"></status>
</kw>
<kw name="Search for Product" library="Amazon_KeyWords">
<kw name="Enter Search Term" library="Amazon_Home_PO">
<arguments>
<arg>${AMAZON_PRODUCTS}</arg>
</arguments>
<kw name="Input Text" library="SeleniumLibrary">
<doc>Types the given ``text`` into text field identified by ``locator``.</doc>
<arguments>
<arg>${TEXT_BOX}</arg>
<arg>${AMAZON_PRODUCTS}</arg>
</arguments>
<msg timestamp="20200929 00:59:39.801" level="INFO">Typing text 'mustang' into text field 'id=twotabsearchtextbox'.</msg>
<status status="PASS" starttime="20200929 00:59:39.801" endtime="20200929 00:59:39.985"></status>
</kw>
<status status="PASS" starttime="20200929 00:59:39.801" endtime="20200929 00:59:39.985"></status>
</kw>
<kw name="Click Search Button" library="Amazon_Home_PO">
<kw name="Click Button" library="SeleniumLibrary">
<doc>Clicks button identified by ``locator``.</doc>
<arguments>
<arg>${SEARCH_BUTTON}</arg>
</arguments>
<msg timestamp="20200929 00:59:39.989" level="INFO">Clicking button 'css=input[value='Go']'.</msg>
<status status="PASS" starttime="20200929 00:59:39.985" endtime="20200929 00:59:42.821"></status>
</kw>
<status status="PASS" starttime="20200929 00:59:39.985" endtime="20200929 00:59:42.821"></status>
</kw>
<kw name="Verify the results page" library="Amazon_ProdSchRes_PO">
<arguments>
<arg>${AMAZON_PRODUCTS}</arg>
</arguments>
<kw name="Wait Until Page Contains" library="SeleniumLibrary">
<doc>Waits until ``text`` appears on current page.</doc>
<arguments>
<arg>results for "${AMAZON_PRODUCTS}"</arg>
</arguments>
<status status="PASS" starttime="20200929 00:59:42.825" endtime="20200929 00:59:42.917"></status>
</kw>
<status status="PASS" starttime="20200929 00:59:42.821" endtime="20200929 00:59:42.917"></status>
</kw>
<status status="PASS" starttime="20200929 00:59:39.801" endtime="20200929 00:59:42.921"></status>
</kw>
<kw name="Click ProductImage" library="Amazon_KeyWords">
<kw name="&quot;Product_Image&quot;" library="Amazon_ProdSchRes_PO">
<kw name="Get WebElement" library="SeleniumLibrary">
<doc>Returns the first WebElement matching the given ``locator``.</doc>
<arguments>
<arg>${PROD_IMAGE_LOCATOR}</arg>
</arguments>
<assign>
<var>${prodimage_locator}</var>
</assign>
<msg timestamp="20200929 00:59:42.997" level="INFO">${prodimage_locator} = &lt;selenium.webdriver.remote.webelement.WebElement (session="c26391cf80a76fd65c96ef5e5120a7e4", element="843c9f91-1285-47d2-897a-5862c9bdda51")&gt;</msg>
<status status="PASS" starttime="20200929 00:59:42.921" endtime="20200929 00:59:42.997"></status>
</kw>
<kw name="Wait Until Element Is Visible" library="SeleniumLibrary">
<doc>Waits until element ``locator`` is visible.</doc>
<arguments>
<arg>${PROD_IMAGE_LOCATOR}</arg>
</arguments>
<status status="PASS" starttime="20200929 00:59:42.997" endtime="20200929 00:59:43.021"></status>
</kw>
<kw name="Click Element" library="SeleniumLibrary">
<doc>Click element identified by ``locator``.</doc>
<arguments>
<arg>${prodimage_locator}</arg>
</arguments>
<msg timestamp="20200929 00:59:43.025" level="INFO">Clicking element '&lt;selenium.webdriver.remote.webelement.WebElement (session="c26391cf80a76fd65c96ef5e5120a7e4", element="843c9f91-1285-47d2-897a-5862c9bdda51")&gt;'.</msg>
<status status="PASS" starttime="20200929 00:59:43.021" endtime="20200929 00:59:46.122"></status>
</kw>
<status status="PASS" starttime="20200929 00:59:42.921" endtime="20200929 00:59:46.122"></status>
</kw>
<kw name="Verify Product Description Page" library="Amazon_ProdDesc_PO">
<kw name="Wait Until Page Contains" library="SeleniumLibrary">
<doc>Waits until ``text`` appears on current page.</doc>
<arguments>
<arg>${AMAZON_PRODUCTS}</arg>
</arguments>
<status status="PASS" starttime="20200929 00:59:46.122" endtime="20200929 00:59:46.174"></status>
</kw>
<status status="PASS" starttime="20200929 00:59:46.122" endtime="20200929 00:59:46.174"></status>
</kw>
<status status="PASS" starttime="20200929 00:59:42.921" endtime="20200929 00:59:46.174"></status>
</kw>
<kw name="Add product to Shopping Cart" library="Amazon_KeyWords">
<kw name="Add or Checkout Product" library="Amazon_ProdDesc_PO">
<kw name="Run Keyword And Return Status" library="BuiltIn">
<doc>Runs the given keyword with given arguments and returns the status as a Boolean value.</doc>
<arguments>
<arg>Wait Until Page Contains Element</arg>
<arg>${BUYVID_LOCATOR}</arg>
</arguments>
<assign>
<var>${vidloc_sta}</var>
</assign>
<kw name="Wait Until Page Contains Element" library="SeleniumLibrary">
<doc>Waits until element ``locator`` appears on current page.</doc>
<arguments>
<arg>${BUYVID_LOCATOR}</arg>
</arguments>
<status status="PASS" starttime="20200929 00:59:46.178" endtime="20200929 00:59:46.194"></status>
</kw>
<msg timestamp="20200929 00:59:46.194" level="INFO">${vidloc_sta} = True</msg>
<status status="PASS" starttime="20200929 00:59:46.174" endtime="20200929 00:59:46.194"></status>
</kw>
<kw name="Run Keyword If" library="BuiltIn">
<doc>Runs the given keyword with the given arguments, if ``condition`` is true.</doc>
<arguments>
<arg>${vidloc_sta}==True</arg>
<arg>Checkout "Video"</arg>
<arg>ELSE IF</arg>
<arg>${vidloc_sta}==False</arg>
<arg>Click "Add to Cart" button</arg>
</arguments>
<kw name="Checkout &quot;Video&quot;" library="Amazon_ProdDesc_PO">
<kw name="Wait Until Page Contains Element" library="SeleniumLibrary">
<doc>Waits until element ``locator`` appears on current page.</doc>
<arguments>
<arg>${BUYVID_LOCATOR}</arg>
</arguments>
<status status="PASS" starttime="20200929 00:59:46.198" endtime="20200929 00:59:46.208"></status>
</kw>
<kw name="Click Button" library="SeleniumLibrary">
<doc>Clicks button identified by ``locator``.</doc>
<arguments>
<arg>${BUYVID_LOCATOR}</arg>
</arguments>
<msg timestamp="20200929 00:59:46.208" level="INFO">Clicking button 'css=#tvod-btn-B07PF1FG98-ab &gt; span &gt; button'.</msg>
<status status="PASS" starttime="20200929 00:59:46.208" endtime="20200929 00:59:46.436"></status>
</kw>
<kw name="Wait Until Page Contains" library="SeleniumLibrary">
<doc>Waits until ``text`` appears on current page.</doc>
<arguments>
<arg>Sign-In</arg>
</arguments>
<status status="PASS" starttime="20200929 00:59:46.436" endtime="20200929 00:59:49.869"></status>
</kw>
<status status="PASS" starttime="20200929 00:59:46.198" endtime="20200929 00:59:49.869"></status>
</kw>
<status status="PASS" starttime="20200929 00:59:46.194" endtime="20200929 00:59:49.869"></status>
</kw>
<status status="PASS" starttime="20200929 00:59:46.174" endtime="20200929 00:59:49.869"></status>
</kw>
<status status="PASS" starttime="20200929 00:59:46.174" endtime="20200929 00:59:49.869"></status>
</kw>
<kw name="End_Test" library="Project_Common" type="teardown">
<kw name="Close Browser" library="SeleniumLibrary">
<doc>Closes the current browser.</doc>
<status status="PASS" starttime="20200929 00:59:49.873" endtime="20200929 00:59:52.700"></status>
</kw>
<status status="PASS" starttime="20200929 00:59:49.869" endtime="20200929 00:59:52.700"></status>
</kw>
<status status="PASS" starttime="20200929 00:59:28.061" endtime="20200929 00:59:52.700" critical="yes"></status>
</test>
<test id="s1-s1-s1-t7" name="Verify if user is required to &quot;Sign_In&quot; to checkout">
<kw name="Launch_Test" library="Project_Common" type="setup">
<arguments>
<arg>googlechrome</arg>
</arguments>
<kw name="Open Browser" library="SeleniumLibrary">
<doc>Opens a new browser instance to the given ``url``.</doc>
<arguments>
<arg>about:blank</arg>
<arg>${Browsers.${BROWSER}}</arg>
</arguments>
<msg timestamp="20200929 00:59:52.706" level="INFO">Opening browser 'Chrome' to base url 'about:blank'.</msg>
<status status="PASS" starttime="20200929 00:59:52.706" endtime="20200929 00:59:56.213"></status>
</kw>
<kw name="Maximize Browser Window" library="SeleniumLibrary">
<doc>Maximizes current browser window.</doc>
<status status="PASS" starttime="20200929 00:59:56.213" endtime="20200929 00:59:58.382"></status>
</kw>
<status status="PASS" starttime="20200929 00:59:52.706" endtime="20200929 00:59:58.382"></status>
</kw>
<kw name="Homepage" library="Amazon_KeyWords">
<kw name="Go to Homepage" library="Amazon_Home_PO">
<kw name="Go To" library="SeleniumLibrary">
<doc>Navigates the active browser instance to the provided ``url``.</doc>
<arguments>
<arg>${URL}</arg>
</arguments>
<msg timestamp="20200929 00:59:58.390" level="INFO">Opening url 'https://www.amazon.com'</msg>
<status status="PASS" starttime="20200929 00:59:58.390" endtime="20200929 01:00:04.806"></status>
</kw>
<status status="PASS" starttime="20200929 00:59:58.390" endtime="20200929 01:00:04.810"></status>
</kw>
<kw name="Verify the landing page" library="Amazon_Home_PO">
<kw name="Wait Until Page Contains" library="SeleniumLibrary">
<doc>Waits until ``text`` appears on current page.</doc>
<arguments>
<arg>Amazon</arg>
</arguments>
<status status="PASS" starttime="20200929 01:00:04.810" endtime="20200929 01:00:04.837"></status>
</kw>
<status status="PASS" starttime="20200929 01:00:04.810" endtime="20200929 01:00:04.837"></status>
</kw>
<status status="PASS" starttime="20200929 00:59:58.382" endtime="20200929 01:00:04.837"></status>
</kw>
<kw name="Search for Product" library="Amazon_KeyWords">
<kw name="Enter Search Term" library="Amazon_Home_PO">
<arguments>
<arg>${AMAZON_PRODUCTS}</arg>
</arguments>
<kw name="Input Text" library="SeleniumLibrary">
<doc>Types the given ``text`` into text field identified by ``locator``.</doc>
<arguments>
<arg>${TEXT_BOX}</arg>
<arg>${AMAZON_PRODUCTS}</arg>
</arguments>
<msg timestamp="20200929 01:00:04.841" level="INFO">Typing text 'mustang' into text field 'id=twotabsearchtextbox'.</msg>
<status status="PASS" starttime="20200929 01:00:04.841" endtime="20200929 01:00:05.007"></status>
</kw>
<status status="PASS" starttime="20200929 01:00:04.841" endtime="20200929 01:00:05.011"></status>
</kw>
<kw name="Click Search Button" library="Amazon_Home_PO">
<kw name="Click Button" library="SeleniumLibrary">
<doc>Clicks button identified by ``locator``.</doc>
<arguments>
<arg>${SEARCH_BUTTON}</arg>
</arguments>
<msg timestamp="20200929 01:00:05.011" level="INFO">Clicking button 'css=input[value='Go']'.</msg>
<status status="PASS" starttime="20200929 01:00:05.011" endtime="20200929 01:00:08.657"></status>
</kw>
<status status="PASS" starttime="20200929 01:00:05.011" endtime="20200929 01:00:08.657"></status>
</kw>
<kw name="Verify the results page" library="Amazon_ProdSchRes_PO">
<arguments>
<arg>${AMAZON_PRODUCTS}</arg>
</arguments>
<kw name="Wait Until Page Contains" library="SeleniumLibrary">
<doc>Waits until ``text`` appears on current page.</doc>
<arguments>
<arg>results for "${AMAZON_PRODUCTS}"</arg>
</arguments>
<status status="PASS" starttime="20200929 01:00:08.657" endtime="20200929 01:00:08.724"></status>
</kw>
<status status="PASS" starttime="20200929 01:00:08.657" endtime="20200929 01:00:08.724"></status>
</kw>
<status status="PASS" starttime="20200929 01:00:04.837" endtime="20200929 01:00:08.724"></status>
</kw>
<kw name="Click ProductName" library="Amazon_KeyWords">
<kw name="&quot;Product_Name&quot;" library="Amazon_ProdSchRes_PO">
<kw name="Click Link" library="SeleniumLibrary">
<doc>Clicks a link identified by ``locator``.</doc>
<arguments>
<arg>${PROD_NAME_LOCATOR}</arg>
</arguments>
<msg timestamp="20200929 01:00:08.724" level="INFO">Clicking link 'xpath=//div[@class='a-section a-spacing-none a-spacing-top-small']/h2/a'.</msg>
<status status="PASS" starttime="20200929 01:00:08.724" endtime="20200929 01:00:13.778"></status>
</kw>
<status status="PASS" starttime="20200929 01:00:08.724" endtime="20200929 01:00:13.778"></status>
</kw>
<kw name="Verify Product Description Page" library="Amazon_ProdDesc_PO">
<kw name="Wait Until Page Contains" library="SeleniumLibrary">
<doc>Waits until ``text`` appears on current page.</doc>
<arguments>
<arg>${AMAZON_PRODUCTS}</arg>
</arguments>
<status status="PASS" starttime="20200929 01:00:13.782" endtime="20200929 01:00:13.906"></status>
</kw>
<status status="PASS" starttime="20200929 01:00:13.778" endtime="20200929 01:00:13.910"></status>
</kw>
<status status="PASS" starttime="20200929 01:00:08.724" endtime="20200929 01:00:13.910"></status>
</kw>
<kw name="Add product to Shopping Cart" library="Amazon_KeyWords">
<kw name="Add or Checkout Product" library="Amazon_ProdDesc_PO">
<kw name="Run Keyword And Return Status" library="BuiltIn">
<doc>Runs the given keyword with given arguments and returns the status as a Boolean value.</doc>
<arguments>
<arg>Wait Until Page Contains Element</arg>
<arg>${BUYVID_LOCATOR}</arg>
</arguments>
<assign>
<var>${vidloc_sta}</var>
</assign>
<kw name="Wait Until Page Contains Element" library="SeleniumLibrary">
<doc>Waits until element ``locator`` appears on current page.</doc>
<arguments>
<arg>${BUYVID_LOCATOR}</arg>
</arguments>
<kw name="Capture Page Screenshot" library="SeleniumLibrary">
<doc>Takes screenshot of the current page and embeds it into log file.</doc>
<msg timestamp="20200929 01:00:20.148" level="INFO" html="yes">&lt;/td&gt;&lt;/tr&gt;&lt;tr&gt;&lt;td colspan="3"&gt;&lt;a href="selenium-screenshot-1002.png"&gt;&lt;img src="selenium-screenshot-1002.png" width="800px"&gt;&lt;/a&gt;</msg>
<status status="PASS" starttime="20200929 01:00:18.920" endtime="20200929 01:00:20.148"></status>
</kw>
<msg timestamp="20200929 01:00:20.155" level="FAIL">Element 'css=#tvod-btn-B07PF1FG98-ab &gt; span &gt; button' did not appear in 5 seconds.</msg>
<status status="FAIL" starttime="20200929 01:00:13.910" endtime="20200929 01:00:20.155"></status>
</kw>
<msg timestamp="20200929 01:00:20.155" level="INFO">${vidloc_sta} = False</msg>
<status status="PASS" starttime="20200929 01:00:13.910" endtime="20200929 01:00:20.155"></status>
</kw>
<kw name="Run Keyword If" library="BuiltIn">
<doc>Runs the given keyword with the given arguments, if ``condition`` is true.</doc>
<arguments>
<arg>${vidloc_sta}==True</arg>
<arg>Checkout "Video"</arg>
<arg>ELSE IF</arg>
<arg>${vidloc_sta}==False</arg>
<arg>Click "Add to Cart" button</arg>
</arguments>
<kw name="Click &quot;Add to Cart&quot; button" library="Amazon_ProdDesc_PO">
<kw name="Run Keyword And Return Status" library="BuiltIn">
<doc>Runs the given keyword with given arguments and returns the status as a Boolean value.</doc>
<arguments>
<arg>Wait Until Page Contains Element</arg>
<arg>${BUYING_OPTIONS_BUTTON}</arg>
</arguments>
<assign>
<var>${result}</var>
</assign>
<kw name="Wait Until Page Contains Element" library="SeleniumLibrary">
<doc>Waits until element ``locator`` appears on current page.</doc>
<arguments>
<arg>${BUYING_OPTIONS_BUTTON}</arg>
</arguments>
<kw name="Capture Page Screenshot" library="SeleniumLibrary">
<doc>Takes screenshot of the current page and embeds it into log file.</doc>
<msg timestamp="20200929 01:00:25.625" level="INFO" html="yes">&lt;/td&gt;&lt;/tr&gt;&lt;tr&gt;&lt;td colspan="3"&gt;&lt;a href="selenium-screenshot-1003.png"&gt;&lt;img src="selenium-screenshot-1003.png" width="800px"&gt;&lt;/a&gt;</msg>
<status status="PASS" starttime="20200929 01:00:25.222" endtime="20200929 01:00:25.625"></status>
</kw>
<msg timestamp="20200929 01:00:25.625" level="FAIL">Element 'id=buybox-see-all-buying-choices-announce' did not appear in 5 seconds.</msg>
<status status="FAIL" starttime="20200929 01:00:20.163" endtime="20200929 01:00:25.625"></status>
</kw>
<msg timestamp="20200929 01:00:25.625" level="INFO">${result} = False</msg>
<status status="PASS" starttime="20200929 01:00:20.163" endtime="20200929 01:00:25.625"></status>
</kw>
<kw name="Log" library="BuiltIn">
<doc>Logs the given message with the given level.</doc>
<arguments>
<arg>${result}</arg>
</arguments>
<msg timestamp="20200929 01:00:25.625" level="INFO">False</msg>
<status status="PASS" starttime="20200929 01:00:25.625" endtime="20200929 01:00:25.625"></status>
</kw>
<kw name="Run Keyword If" library="BuiltIn">
<doc>Runs the given keyword with the given arguments, if ``condition`` is true.</doc>
<arguments>
<arg>${result}==True</arg>
<arg>AddCart_BuyingOpt</arg>
<arg>ELSE IF</arg>
<arg>${result}==False</arg>
<arg>AddtoCart</arg>
</arguments>
<kw name="AddtoCart" library="Amazon_ProdDesc_PO">
<kw name="Get WebElement" library="SeleniumLibrary">
<doc>Returns the first WebElement matching the given ``locator``.</doc>
<arguments>
<arg>${ADDTOCART_RESPG}</arg>
</arguments>
<assign>
<var>${addtocart_respg}</var>
</assign>
<msg timestamp="20200929 01:00:25.640" level="INFO">${addtocart_respg} = &lt;selenium.webdriver.remote.webelement.WebElement (session="95cd7e7166e6e4632a65e35bf73415ca", element="2feeb4f6-3527-4669-af5f-87894093e818")&gt;</msg>
<status status="PASS" starttime="20200929 01:00:25.629" endtime="20200929 01:00:25.640"></status>
</kw>
<kw name="Click Link" library="SeleniumLibrary">
<doc>Clicks a link identified by ``locator``.</doc>
<arguments>
<arg>${addtocart_respg}</arg>
</arguments>
<msg timestamp="20200929 01:00:25.640" level="INFO">Clicking link '&lt;selenium.webdriver.remote.webelement.WebElement (session="95cd7e7166e6e4632a65e35bf73415ca", element="2feeb4f6-3527-4669-af5f-87894093e818")&gt;'.</msg>
<status status="PASS" starttime="20200929 01:00:25.640" endtime="20200929 01:00:26.902"></status>
</kw>
<kw name="Wait Until Page Contains" library="SeleniumLibrary">
<doc>Waits until ``text`` appears on current page.</doc>
<arguments>
<arg>Added to Cart</arg>
</arguments>
<status status="PASS" starttime="20200929 01:00:26.902" endtime="20200929 01:00:26.922"></status>
</kw>
<status status="PASS" starttime="20200929 01:00:25.625" endtime="20200929 01:00:26.926"></status>
</kw>
<status status="PASS" starttime="20200929 01:00:25.625" endtime="20200929 01:00:26.926"></status>
</kw>
<status status="PASS" starttime="20200929 01:00:20.163" endtime="20200929 01:00:26.926"></status>
</kw>
<status status="PASS" starttime="20200929 01:00:20.155" endtime="20200929 01:00:26.926"></status>
</kw>
<status status="PASS" starttime="20200929 01:00:13.910" endtime="20200929 01:00:26.926"></status>
</kw>
<status status="PASS" starttime="20200929 01:00:13.910" endtime="20200929 01:00:26.926"></status>
</kw>
<kw name="Proceed to Checkout" library="Amazon_KeyWords">
<kw name="Click &quot;Proceed Checkout&quot; Button" library="Amazon_CartPO">
<kw name="Get Title" library="SeleniumLibrary">
<doc>Returns the title of current page.</doc>
<assign>
<var>${page_title}</var>
</assign>
<msg timestamp="20200929 01:00:26.930" level="INFO">${page_title} = Amazon.com Shopping Cart</msg>
<status status="PASS" starttime="20200929 01:00:26.926" endtime="20200929 01:00:26.930"></status>
</kw>
<kw name="Run Keyword If" library="BuiltIn">
<doc>Runs the given keyword with the given arguments, if ``condition`` is true.</doc>
<arguments>
<arg>'${page_title}'=='Amazon.com Shopping Cart'</arg>
<arg>Select the appropriate checkout locator</arg>
<arg>ELSE IF</arg>
<arg>'${page_title}'=='Amazon Sign-In'</arg>
<arg>Wait Until Page Contains Element</arg>
<arg>Sign-In</arg>
</arguments>
<kw name="Select the appropriate checkout locator" library="Amazon_CartPO">
<kw name="Get Title" library="SeleniumLibrary">
<doc>Returns the title of current page.</doc>
<assign>
<var>${pagetitle}</var>
</assign>
<msg timestamp="20200929 01:00:26.938" level="INFO">${pagetitle} = Amazon.com Shopping Cart</msg>
<status status="PASS" starttime="20200929 01:00:26.934" endtime="20200929 01:00:26.938"></status>
</kw>
<kw name="Run Keyword If" library="BuiltIn">
<doc>Runs the given keyword with the given arguments, if ``condition`` is true.</doc>
<arguments>
<arg>'${pagetitle}'=='Amazon.com Shopping Cart'</arg>
<arg>Checkout from cart page</arg>
<arg>ELSE IF</arg>
<arg>'${pagetitle}'!='Amazon.com Shopping Cart'</arg>
<arg>Checkout from product description page</arg>
</arguments>
<kw name="Checkout from cart page" library="Amazon_CartPO">
<kw name="Get WebElement" library="SeleniumLibrary">
<doc>Returns the first WebElement matching the given ``locator``.</doc>
<arguments>
<arg>${PROCEED_CHECKOUT_BUTTON_CARTPAGE}</arg>
</arguments>
<assign>
<var>${proceed_chkoutbutton_cartpg}</var>
</assign>
<msg timestamp="20200929 01:00:26.950" level="INFO">${proceed_chkoutbutton_cartpg} = &lt;selenium.webdriver.remote.webelement.WebElement (session="95cd7e7166e6e4632a65e35bf73415ca", element="4f863480-a8fb-4bbc-8249-c5dd5cfa6276")&gt;</msg>
<status status="PASS" starttime="20200929 01:00:26.942" endtime="20200929 01:00:26.950"></status>
</kw>
<kw name="Wait Until Page Contains Element" library="SeleniumLibrary">
<doc>Waits until element ``locator`` appears on current page.</doc>
<arguments>
<arg>${proceed_chkoutbutton_cartpg}</arg>
</arguments>
<status status="PASS" starttime="20200929 01:00:26.954" endtime="20200929 01:00:26.954"></status>
</kw>
<kw name="Click Button" library="SeleniumLibrary">
<doc>Clicks button identified by ``locator``.</doc>
<arguments>
<arg>${proceed_chkoutbutton_cartpg}</arg>
</arguments>
<msg timestamp="20200929 01:00:26.954" level="INFO">Clicking button '&lt;selenium.webdriver.remote.webelement.WebElement (session="95cd7e7166e6e4632a65e35bf73415ca", element="4f863480-a8fb-4bbc-8249-c5dd5cfa6276")&gt;'.</msg>
<status status="PASS" starttime="20200929 01:00:26.954" endtime="20200929 01:00:27.884"></status>
</kw>
<status status="PASS" starttime="20200929 01:00:26.938" endtime="20200929 01:00:27.884"></status>
</kw>
<status status="PASS" starttime="20200929 01:00:26.938" endtime="20200929 01:00:27.888"></status>
</kw>
<status status="PASS" starttime="20200929 01:00:26.934" endtime="20200929 01:00:27.888"></status>
</kw>
<status status="PASS" starttime="20200929 01:00:26.930" endtime="20200929 01:00:27.888"></status>
</kw>
<status status="PASS" starttime="20200929 01:00:26.926" endtime="20200929 01:00:27.892"></status>
</kw>
<status status="PASS" starttime="20200929 01:00:26.926" endtime="20200929 01:00:27.892"></status>
</kw>
<kw name="End_Test" library="Project_Common" type="teardown">
<kw name="Close Browser" library="SeleniumLibrary">
<doc>Closes the current browser.</doc>
<status status="PASS" starttime="20200929 01:00:27.896" endtime="20200929 01:00:30.497"></status>
</kw>
<status status="PASS" starttime="20200929 01:00:27.892" endtime="20200929 01:00:30.497"></status>
</kw>
<status status="PASS" starttime="20200929 00:59:52.700" endtime="20200929 01:00:30.497" critical="yes"></status>
</test>
<status status="PASS" starttime="20200929 00:57:14.034" endtime="20200929 01:00:30.503"></status>
</suite>
<status status="PASS" starttime="20200929 00:57:14.030" endtime="20200929 01:00:30.504"></status>
</suite>
<status status="PASS" starttime="20200929 00:57:13.977" endtime="20200929 01:00:30.512"></status>
</suite>
<statistics>
<total>
<stat pass="7" fail="0">Critical Tests</stat>
<stat pass="7" fail="0">All Tests</stat>
</total>
<tag>
</tag>
<suite>
<stat pass="7" fail="0" id="s1" name="ProjectAmazon">ProjectAmazon</stat>
<stat pass="7" fail="0" id="s1-s1" name="Tests">ProjectAmazon.Tests</stat>
<stat pass="7" fail="0" id="s1-s1-s1" name="Project Selenium">ProjectAmazon.Tests.Project Selenium</stat>
</suite>
</statistics>
<errors>
</errors>
</robot>
